<?xml version="1.0" encoding="utf-8"?><testsuites name="pytest tests"><testsuite name="pytest" errors="0" failures="0" skipped="0" tests="14" time="1.508" timestamp="2026-02-07T10:57:08.980879+00:00" hostname="agent-env-c0363768-22a7-4926-bf90-fd9b91e854a4"><testcase classname="backend.tests.test_xplicit_features.TestHealthEndpoints" name="test_api_health" time="0.075" /><testcase classname="backend.tests.test_xplicit_features.TestHealthEndpoints" name="test_api_ready" time="0.075" /><testcase classname="backend.tests.test_xplicit_features.TestProductEndpoints" name="test_get_products" time="0.039" /><testcase classname="backend.tests.test_xplicit_features.TestProductEndpoints" name="test_get_single_product" time="0.079" /><testcase classname="backend.tests.test_xplicit_features.TestDeliveryQuote" name="test_valid_austin_zip" time="0.193" /><testcase classname="backend.tests.test_xplicit_features.TestDeliveryQuote" name="test_outside_radius_zip" time="0.142" /><testcase classname="backend.tests.test_xplicit_features.TestDeliveryQuote" name="test_non_texas_zip" time="0.106" /><testcase classname="backend.tests.test_xplicit_features.TestDeliveryQuote" name="test_minimum_order_not_met" time="0.108" /><testcase classname="backend.tests.test_xplicit_features.TestOrderWithIDImage" name="test_create_order_with_id_image" time="0.147" /><testcase classname="backend.tests.test_xplicit_features.TestOrderWithIDImage" name="test_create_order_without_id_image_fails" time="0.069" /><testcase classname="backend.tests.test_xplicit_features.TestOrderWithIDImage" name="test_underage_order_rejected" time="0.070" /><testcase classname="backend.tests.test_xplicit_features.TestAdminOrdersEndpoint" name="test_get_admin_orders" time="0.043" /><testcase classname="backend.tests.test_xplicit_features.TestAdminOrdersEndpoint" name="test_order_has_id_image_field" time="0.175" /><testcase classname="backend.tests.test_xplicit_features.TestOrderStatusUpdate" name="test_update_order_status" time="0.067" /></testsuite></testsuites>